This is pdfTeX, Version 3.141592653-2.6-1.40.27 (MiKTeX 25.4) (preloaded format=pdflatex 2025.9.11)  16 NOV 2025 11:29
entering extended mode
 restricted \write18 enabled.
 file:line:error style messages enabled.
 %&-line parsing enabled.
**c:/Users/LawsonSmith/Documents/Repos/Machine-Learning-Imaging/FinalProject/PaperReviewTemplate/reviewtemplate.tex
(c:/Users/LawsonSmith/Documents/Repos/Machine-Learning-Imaging/FinalProject/PaperReviewTemplate/reviewtemplate.tex
LaTeX2e <2023-11-01> patch level 1
L3 programming layer <2024-01-04>

! LaTeX Error: File `MLIA.cls' not found.

Type X to quit or <RETURN> to proceed,
or enter new name. (Default extension: cls)

Enter file name: 
c:/Users/LawsonSmith/Documents/Repos/Machine-Learning-Imaging/FinalProject/PaperReviewTemplate/reviewtemplate.tex:3: Emergency stop.
<read *> 
         
l.3 ^^M
       
*** (cannot \read from terminal in nonstop modes)

 
Here is how much of TeX's memory you used:
 24 strings out of 474479
 819 string characters out of 5740759
 1924542 words of memory out of 5000000
 22411 multiletter control sequences out of 15000+600000
 558069 words of font info for 36 fonts, out of 8000000 for 9000
 1141 hyphenation exceptions out of 8191
 19i,0n,29p,188b,17s stack positions out of 10000i,1000n,20000p,200000b,200000s
c:/Users/LawsonSmith/Documents/Repos/Machine-Learning-Imaging/FinalProject/PaperReviewTemplate/reviewtemplate.tex:3:  ==> Fatal error occurred, no output PDF file produced!
